<?xml version="1.0" encoding="UTF-8"?>
<testsuite name="com.sweethome.springpractice.MainTest" tests="1" skipped="0" failures="0" errors="0" timestamp="2022-10-12T08:59:21" hostname="gimtaemin-ui-MacBookPro.local" time="0.375">
  <properties/>
  <testcase name="test()" classname="com.sweethome.springpractice.MainTest" time="0.375"/>
  <system-out><![CDATA[sort = com.sweethome.springpractice.logic.BubbleSort
[result] [1, 2, 3]
]]></system-out>
  <system-err><![CDATA[]]></system-err>
</testsuite>
